2022-03-08 00:56:35,477 INFO o.a.j.u.JMeterUtils: Setting Locale to en_EN
2022-03-08 00:56:35,502 INFO o.a.j.JMeter: Loading user properties from: C:\Installed\apache-jmeter-5.4.3\bin\user.properties
2022-03-08 00:56:35,510 INFO o.a.j.JMeter: Loading system properties from: C:\Installed\apache-jmeter-5.4.3\bin\system.properties
2022-03-08 00:56:35,515 INFO o.a.j.JMeter: Copyright (c) 1998-2021 The Apache Software Foundation
2022-03-08 00:56:35,515 INFO o.a.j.JMeter: Version 5.4.3
2022-03-08 00:56:35,515 INFO o.a.j.JMeter: java.version=11.0.13
2022-03-08 00:56:35,515 INFO o.a.j.JMeter: java.vm.name=Java HotSpot(TM) 64-Bit Server VM
2022-03-08 00:56:35,515 INFO o.a.j.JMeter: os.name=Windows 10
2022-03-08 00:56:35,515 INFO o.a.j.JMeter: os.arch=amd64
2022-03-08 00:56:35,515 INFO o.a.j.JMeter: os.version=10.0
2022-03-08 00:56:35,515 INFO o.a.j.JMeter: file.encoding=Cp1252
2022-03-08 00:56:35,515 INFO o.a.j.JMeter: java.awt.headless=null
2022-03-08 00:56:35,516 INFO o.a.j.JMeter: Max memory     =1073741824
2022-03-08 00:56:35,516 INFO o.a.j.JMeter: Available Processors =8
2022-03-08 00:56:35,521 INFO o.a.j.JMeter: Default Locale=English (EN)
2022-03-08 00:56:35,521 INFO o.a.j.JMeter: JMeter  Locale=English (EN)
2022-03-08 00:56:35,521 INFO o.a.j.JMeter: JMeterHome=C:\Installed\apache-jmeter-5.4.3
2022-03-08 00:56:35,521 INFO o.a.j.JMeter: user.dir  =D:\Projects\RealTime_RestController\Jmeter_Performance
2022-03-08 00:56:35,521 INFO o.a.j.JMeter: PWD       =D:\Projects\RealTime_RestController\Jmeter_Performance
2022-03-08 00:56:35,525 INFO o.a.j.JMeter: IP: 192.168.0.251 Name: LAPTOP-EHCVB5T7 FullName: host.docker.internal
2022-03-08 00:56:35,628 INFO o.a.j.JMeter: Setting LAF to: com.github.weisj.darklaf.DarkLaf:com.github.weisj.darklaf.theme.DarculaTheme
2022-03-08 00:56:35,880 INFO o.a.j.JMeter: Loaded icon properties from org/apache/jmeter/images/icon.properties
2022-03-08 00:57:05,931 INFO o.a.j.s.FileServer: Default base='D:\Projects\RealTime_RestController\Jmeter_Performance'
2022-03-08 00:57:05,935 INFO o.a.j.g.a.Load: Loading file: D:\Projects\RealTime_RestController\Jmeter_Performance\RealTime_Pattern_RestController.jmx
2022-03-08 00:57:05,935 INFO o.a.j.s.FileServer: Set new base='D:\Projects\RealTime_RestController\Jmeter_Performance'
2022-03-08 00:57:06,084 INFO o.a.j.s.SaveService: Testplan (JMX) version: 2.2. Testlog (JTL) version: 2.2
2022-03-08 00:57:06,100 INFO o.a.j.s.SaveService: Using SaveService properties version 5.0
2022-03-08 00:57:06,102 INFO o.a.j.s.SaveService: Using SaveService properties file encoding UTF-8
2022-03-08 00:57:06,103 INFO o.a.j.s.SaveService: Loading file: D:\Projects\RealTime_RestController\Jmeter_Performance\RealTime_Pattern_RestController.jmx
2022-03-08 00:57:06,135 INFO o.a.j.p.h.c.CookieManager: Settings: Delete null: true Check: true Allow variable: true Save: false Prefix: COOKIE_
2022-03-08 00:57:06,157 INFO o.a.j.p.h.s.HTTPSamplerBase: Parser for text/html is org.apache.jmeter.protocol.http.parser.LagartoBasedHtmlParser
2022-03-08 00:57:06,157 INFO o.a.j.p.h.s.HTTPSamplerBase: Parser for application/xhtml+xml is org.apache.jmeter.protocol.http.parser.LagartoBasedHtmlParser
2022-03-08 00:57:06,157 INFO o.a.j.p.h.s.HTTPSamplerBase: Parser for application/xml is org.apache.jmeter.protocol.http.parser.LagartoBasedHtmlParser
2022-03-08 00:57:06,157 INFO o.a.j.p.h.s.HTTPSamplerBase: Parser for text/xml is org.apache.jmeter.protocol.http.parser.LagartoBasedHtmlParser
2022-03-08 00:57:06,157 INFO o.a.j.p.h.s.HTTPSamplerBase: Parser for text/vnd.wap.wml is org.apache.jmeter.protocol.http.parser.RegexpHTMLParser
2022-03-08 00:57:06,157 INFO o.a.j.p.h.s.HTTPSamplerBase: Parser for text/css is org.apache.jmeter.protocol.http.parser.CssParser
2022-03-08 00:57:06,169 WARN o.a.j.g.a.Load: Unexpected error. java.lang.IllegalArgumentException: Problem loading XML from:'D:\Projects\RealTime_RestController\Jmeter_Performance\RealTime_Pattern_RestController.jmx'. 
Cause:
CannotResolveClassException: kg.apc.jmeter.threads.SteppingThreadGroup

 Detail:com.thoughtworks.xstream.converters.ConversionException: 
---- Debugging information ----
cause-exception     : com.thoughtworks.xstream.converters.ConversionException
cause-message       : 
first-jmeter-class  : org.apache.jmeter.save.converters.HashTreeConverter.unmarshal(HashTreeConverter.java:66)
class               : org.apache.jmeter.save.ScriptWrapper
required-type       : org.apache.jmeter.save.ScriptWrapper
converter-type      : org.apache.jmeter.save.ScriptWrapperConverter
path                : /jmeterTestPlan/hashTree/hashTree/kg.apc.jmeter.threads.SteppingThreadGroup
line number         : 816
version             : 5.4.3
-------------------------------
java.lang.IllegalArgumentException: Problem loading XML from:'D:\Projects\RealTime_RestController\Jmeter_Performance\RealTime_Pattern_RestController.jmx'. 
Cause:
CannotResolveClassException: kg.apc.jmeter.threads.SteppingThreadGroup

 Detail:com.thoughtworks.xstream.converters.ConversionException: 
---- Debugging information ----
cause-exception     : com.thoughtworks.xstream.converters.ConversionException
cause-message       : 
first-jmeter-class  : org.apache.jmeter.save.converters.HashTreeConverter.unmarshal(HashTreeConverter.java:66)
class               : org.apache.jmeter.save.ScriptWrapper
required-type       : org.apache.jmeter.save.ScriptWrapper
converter-type      : org.apache.jmeter.save.ScriptWrapperConverter
path                : /jmeterTestPlan/hashTree/hashTree/kg.apc.jmeter.threads.SteppingThreadGroup
line number         : 816
version             : 5.4.3
-------------------------------
	at org.apache.jmeter.save.SaveService.readTree(SaveService.java:459) ~[ApacheJMeter_core.jar:5.4.3]
	at org.apache.jmeter.save.SaveService.loadTree(SaveService.java:432) ~[ApacheJMeter_core.jar:5.4.3]
	at org.apache.jmeter.gui.action.Load.loadProjectFile(Load.java:129) ~[ApacheJMeter_core.jar:5.4.3]
	at org.apache.jmeter.gui.action.Load.loadProjectFile(Load.java:101) ~[ApacheJMeter_core.jar:5.4.3]
	at org.apache.jmeter.gui.action.Load.doActionAfterCheck(Load.java:88) ~[ApacheJMeter_core.jar:5.4.3]
	at org.apache.jmeter.gui.action.AbstractActionWithNoRunningTest.doAction(AbstractActionWithNoRunningTest.java:44) ~[ApacheJMeter_core.jar:5.4.3]
	at org.apache.jmeter.gui.action.ActionRouter.performAction(ActionRouter.java:87) ~[ApacheJMeter_core.jar:5.4.3]
	at org.apache.jmeter.gui.action.ActionRouter.lambda$actionPerformed$0(ActionRouter.java:69) ~[ApacheJMeter_core.jar:5.4.3]
	at java.awt.event.InvocationEvent.dispatch(InvocationEvent.java:313) [?:?]
	at java.awt.EventQueue.dispatchEventImpl(EventQueue.java:770) [?:?]
	at java.awt.EventQueue$4.run(EventQueue.java:721) [?:?]
	at java.awt.EventQueue$4.run(EventQueue.java:715) [?:?]
	at java.security.AccessController.doPrivileged(Native Method) ~[?:?]
	at java.security.ProtectionDomain$JavaSecurityAccessImpl.doIntersectionPrivilege(ProtectionDomain.java:85) [?:?]
	at java.awt.EventQueue.dispatchEvent(EventQueue.java:740) [?:?]
	at java.awt.EventDispatchThread.pumpOneEventForFilters(EventDispatchThread.java:203) [?:?]
	at java.awt.EventDispatchThread.pumpEventsForFilter(EventDispatchThread.java:124) [?:?]
	at java.awt.EventDispatchThread.pumpEventsForHierarchy(EventDispatchThread.java:113) [?:?]
	at java.awt.EventDispatchThread.pumpEvents(EventDispatchThread.java:109) [?:?]
	at java.awt.EventDispatchThread.pumpEvents(EventDispatchThread.java:101) [?:?]
	at java.awt.EventDispatchThread.run(EventDispatchThread.java:90) [?:?]
Caused by: com.thoughtworks.xstream.converters.ConversionException: 
---- Debugging information ----
cause-exception     : com.thoughtworks.xstream.converters.ConversionException
cause-message       : 
first-jmeter-class  : org.apache.jmeter.save.converters.HashTreeConverter.unmarshal(HashTreeConverter.java:66)
class               : org.apache.jmeter.save.ScriptWrapper
required-type       : org.apache.jmeter.save.ScriptWrapper
converter-type      : org.apache.jmeter.save.ScriptWrapperConverter
path                : /jmeterTestPlan/hashTree/hashTree/kg.apc.jmeter.threads.SteppingThreadGroup
line number         : 816
version             : 5.4.3
-------------------------------
	at org.apache.jmeter.save.ScriptWrapperConverter.createConversionException(ScriptWrapperConverter.java:101) ~[ApacheJMeter_core.jar:5.4.3]
	at org.apache.jmeter.save.ScriptWrapperConverter.unmarshal(ScriptWrapperConverter.java:95) ~[ApacheJMeter_core.jar:5.4.3]
	at com.thoughtworks.xstream.core.TreeUnmarshaller.convert(TreeUnmarshaller.java:72) ~[xstream-1.4.15.jar:1.4.15]
	at com.thoughtworks.xstream.core.AbstractReferenceUnmarshaller.convert(AbstractReferenceUnmarshaller.java:72) ~[xstream-1.4.15.jar:1.4.15]
	at com.thoughtworks.xstream.core.TreeUnmarshaller.convertAnother(TreeUnmarshaller.java:66) ~[xstream-1.4.15.jar:1.4.15]
	at com.thoughtworks.xstream.core.TreeUnmarshaller.convertAnother(TreeUnmarshaller.java:50) ~[xstream-1.4.15.jar:1.4.15]
	at com.thoughtworks.xstream.core.TreeUnmarshaller.start(TreeUnmarshaller.java:134) ~[xstream-1.4.15.jar:1.4.15]
	at com.thoughtworks.xstream.core.AbstractTreeMarshallingStrategy.unmarshal(AbstractTreeMarshallingStrategy.java:32) ~[xstream-1.4.15.jar:1.4.15]
	at com.thoughtworks.xstream.XStream.unmarshal(XStream.java:1409) ~[xstream-1.4.15.jar:1.4.15]
	at com.thoughtworks.xstream.XStream.unmarshal(XStream.java:1388) ~[xstream-1.4.15.jar:1.4.15]
	at com.thoughtworks.xstream.XStream.fromXML(XStream.java:1273) ~[xstream-1.4.15.jar:1.4.15]
	at org.apache.jmeter.save.SaveService.readTree(SaveService.java:449) ~[ApacheJMeter_core.jar:5.4.3]
	... 20 more
Caused by: com.thoughtworks.xstream.converters.ConversionException: 
---- Debugging information ----
cause-exception     : com.thoughtworks.xstream.mapper.CannotResolveClassException
cause-message       : kg.apc.jmeter.threads.SteppingThreadGroup
class               : org.apache.jorphan.collections.ListedHashTree
required-type       : org.apache.jorphan.collections.ListedHashTree
converter-type      : org.apache.jmeter.save.converters.HashTreeConverter
path                : /jmeterTestPlan/hashTree/hashTree/kg.apc.jmeter.threads.SteppingThreadGroup
line number         : 816
-------------------------------
	at com.thoughtworks.xstream.core.TreeUnmarshaller.convert(TreeUnmarshaller.java:77) ~[xstream-1.4.15.jar:1.4.15]
	at com.thoughtworks.xstream.core.AbstractReferenceUnmarshaller.convert(AbstractReferenceUnmarshaller.java:72) ~[xstream-1.4.15.jar:1.4.15]
	at com.thoughtworks.xstream.core.TreeUnmarshaller.convertAnother(TreeUnmarshaller.java:66) ~[xstream-1.4.15.jar:1.4.15]
	at com.thoughtworks.xstream.core.TreeUnmarshaller.convertAnother(TreeUnmarshaller.java:50) ~[xstream-1.4.15.jar:1.4.15]
	at com.thoughtworks.xstream.converters.collections.AbstractCollectionConverter.readBareItem(AbstractCollectionConverter.java:132) ~[xstream-1.4.15.jar:1.4.15]
	at org.apache.jmeter.save.converters.HashTreeConverter.unmarshal(HashTreeConverter.java:66) ~[ApacheJMeter_core.jar:5.4.3]
	at com.thoughtworks.xstream.core.TreeUnmarshaller.convert(TreeUnmarshaller.java:72) ~[xstream-1.4.15.jar:1.4.15]
	at com.thoughtworks.xstream.core.AbstractReferenceUnmarshaller.convert(AbstractReferenceUnmarshaller.java:72) ~[xstream-1.4.15.jar:1.4.15]
	at com.thoughtworks.xstream.core.TreeUnmarshaller.convertAnother(TreeUnmarshaller.java:66) ~[xstream-1.4.15.jar:1.4.15]
	at com.thoughtworks.xstream.core.TreeUnmarshaller.convertAnother(TreeUnmarshaller.java:50) ~[xstream-1.4.15.jar:1.4.15]
	at org.apache.jmeter.save.ScriptWrapperConverter.unmarshal(ScriptWrapperConverter.java:93) ~[ApacheJMeter_core.jar:5.4.3]
	at com.thoughtworks.xstream.core.TreeUnmarshaller.convert(TreeUnmarshaller.java:72) ~[xstream-1.4.15.jar:1.4.15]
	at com.thoughtworks.xstream.core.AbstractReferenceUnmarshaller.convert(AbstractReferenceUnmarshaller.java:72) ~[xstream-1.4.15.jar:1.4.15]
	at com.thoughtworks.xstream.core.TreeUnmarshaller.convertAnother(TreeUnmarshaller.java:66) ~[xstream-1.4.15.jar:1.4.15]
	at com.thoughtworks.xstream.core.TreeUnmarshaller.convertAnother(TreeUnmarshaller.java:50) ~[xstream-1.4.15.jar:1.4.15]
	at com.thoughtworks.xstream.core.TreeUnmarshaller.start(TreeUnmarshaller.java:134) ~[xstream-1.4.15.jar:1.4.15]
	at com.thoughtworks.xstream.core.AbstractTreeMarshallingStrategy.unmarshal(AbstractTreeMarshallingStrategy.java:32) ~[xstream-1.4.15.jar:1.4.15]
	at com.thoughtworks.xstream.XStream.unmarshal(XStream.java:1409) ~[xstream-1.4.15.jar:1.4.15]
	at com.thoughtworks.xstream.XStream.unmarshal(XStream.java:1388) ~[xstream-1.4.15.jar:1.4.15]
	at com.thoughtworks.xstream.XStream.fromXML(XStream.java:1273) ~[xstream-1.4.15.jar:1.4.15]
	at org.apache.jmeter.save.SaveService.readTree(SaveService.java:449) ~[ApacheJMeter_core.jar:5.4.3]
	... 20 more
Caused by: com.thoughtworks.xstream.mapper.CannotResolveClassException: kg.apc.jmeter.threads.SteppingThreadGroup
	at com.thoughtworks.xstream.mapper.DefaultMapper.realClass(DefaultMapper.java:81) ~[xstream-1.4.15.jar:1.4.15]
	at com.thoughtworks.xstream.mapper.MapperWrapper.realClass(MapperWrapper.java:125) ~[xstream-1.4.15.jar:1.4.15]
	at com.thoughtworks.xstream.mapper.DynamicProxyMapper.realClass(DynamicProxyMapper.java:55) ~[xstream-1.4.15.jar:1.4.15]
	at com.thoughtworks.xstream.mapper.MapperWrapper.realClass(MapperWrapper.java:125) ~[xstream-1.4.15.jar:1.4.15]
	at com.thoughtworks.xstream.mapper.PackageAliasingMapper.realClass(PackageAliasingMapper.java:88) ~[xstream-1.4.15.jar:1.4.15]
	at com.thoughtworks.xstream.mapper.MapperWrapper.realClass(MapperWrapper.java:125) ~[xstream-1.4.15.jar:1.4.15]
	at com.thoughtworks.xstream.mapper.ClassAliasingMapper.realClass(ClassAliasingMapper.java:79) ~[xstream-1.4.15.jar:1.4.15]
	at com.thoughtworks.xstream.mapper.MapperWrapper.realClass(MapperWrapper.java:125) ~[xstream-1.4.15.jar:1.4.15]
	at com.thoughtworks.xstream.mapper.ArrayMapper.realClass(ArrayMapper.java:74) ~[xstream-1.4.15.jar:1.4.15]
	at com.thoughtworks.xstream.mapper.MapperWrapper.realClass(MapperWrapper.java:125) ~[xstream-1.4.15.jar:1.4.15]
	at com.thoughtworks.xstream.mapper.SecurityMapper.realClass(SecurityMapper.java:71) ~[xstream-1.4.15.jar:1.4.15]
	at com.thoughtworks.xstream.mapper.MapperWrapper.realClass(MapperWrapper.java:125) ~[xstream-1.4.15.jar:1.4.15]
	at org.apache.jmeter.save.SaveService$XStreamWrapper$1.realClass(SaveService.java:97) ~[ApacheJMeter_core.jar:5.4.3]
	at com.thoughtworks.xstream.mapper.MapperWrapper.realClass(MapperWrapper.java:125) ~[xstream-1.4.15.jar:1.4.15]
	at com.thoughtworks.xstream.mapper.CachingMapper.realClass(CachingMapper.java:47) ~[xstream-1.4.15.jar:1.4.15]
	at com.thoughtworks.xstream.core.util.HierarchicalStreams.readClassType(HierarchicalStreams.java:29) ~[xstream-1.4.15.jar:1.4.15]
	at com.thoughtworks.xstream.converters.collections.AbstractCollectionConverter.readBareItem(AbstractCollectionConverter.java:131) ~[xstream-1.4.15.jar:1.4.15]
	at org.apache.jmeter.save.converters.HashTreeConverter.unmarshal(HashTreeConverter.java:66) ~[ApacheJMeter_core.jar:5.4.3]
	at com.thoughtworks.xstream.core.TreeUnmarshaller.convert(TreeUnmarshaller.java:72) ~[xstream-1.4.15.jar:1.4.15]
	at com.thoughtworks.xstream.core.AbstractReferenceUnmarshaller.convert(AbstractReferenceUnmarshaller.java:72) ~[xstream-1.4.15.jar:1.4.15]
	at com.thoughtworks.xstream.core.TreeUnmarshaller.convertAnother(TreeUnmarshaller.java:66) ~[xstream-1.4.15.jar:1.4.15]
	at com.thoughtworks.xstream.core.TreeUnmarshaller.convertAnother(TreeUnmarshaller.java:50) ~[xstream-1.4.15.jar:1.4.15]
	at com.thoughtworks.xstream.converters.collections.AbstractCollectionConverter.readBareItem(AbstractCollectionConverter.java:132) ~[xstream-1.4.15.jar:1.4.15]
	at org.apache.jmeter.save.converters.HashTreeConverter.unmarshal(HashTreeConverter.java:66) ~[ApacheJMeter_core.jar:5.4.3]
	at com.thoughtworks.xstream.core.TreeUnmarshaller.convert(TreeUnmarshaller.java:72) ~[xstream-1.4.15.jar:1.4.15]
	at com.thoughtworks.xstream.core.AbstractReferenceUnmarshaller.convert(AbstractReferenceUnmarshaller.java:72) ~[xstream-1.4.15.jar:1.4.15]
	at com.thoughtworks.xstream.core.TreeUnmarshaller.convertAnother(TreeUnmarshaller.java:66) ~[xstream-1.4.15.jar:1.4.15]
	at com.thoughtworks.xstream.core.TreeUnmarshaller.convertAnother(TreeUnmarshaller.java:50) ~[xstream-1.4.15.jar:1.4.15]
	at org.apache.jmeter.save.ScriptWrapperConverter.unmarshal(ScriptWrapperConverter.java:93) ~[ApacheJMeter_core.jar:5.4.3]
	at com.thoughtworks.xstream.core.TreeUnmarshaller.convert(TreeUnmarshaller.java:72) ~[xstream-1.4.15.jar:1.4.15]
	at com.thoughtworks.xstream.core.AbstractReferenceUnmarshaller.convert(AbstractReferenceUnmarshaller.java:72) ~[xstream-1.4.15.jar:1.4.15]
	at com.thoughtworks.xstream.core.TreeUnmarshaller.convertAnother(TreeUnmarshaller.java:66) ~[xstream-1.4.15.jar:1.4.15]
	at com.thoughtworks.xstream.core.TreeUnmarshaller.convertAnother(TreeUnmarshaller.java:50) ~[xstream-1.4.15.jar:1.4.15]
	at com.thoughtworks.xstream.core.TreeUnmarshaller.start(TreeUnmarshaller.java:134) ~[xstream-1.4.15.jar:1.4.15]
	at com.thoughtworks.xstream.core.AbstractTreeMarshallingStrategy.unmarshal(AbstractTreeMarshallingStrategy.java:32) ~[xstream-1.4.15.jar:1.4.15]
	at com.thoughtworks.xstream.XStream.unmarshal(XStream.java:1409) ~[xstream-1.4.15.jar:1.4.15]
	at com.thoughtworks.xstream.XStream.unmarshal(XStream.java:1388) ~[xstream-1.4.15.jar:1.4.15]
	at com.thoughtworks.xstream.XStream.fromXML(XStream.java:1273) ~[xstream-1.4.15.jar:1.4.15]
	at org.apache.jmeter.save.SaveService.readTree(SaveService.java:449) ~[ApacheJMeter_core.jar:5.4.3]
	... 20 more
2022-03-08 00:57:06,178 ERROR o.a.j.u.JMeterUtils: Problem loading XML from:'D:\Projects\RealTime_RestController\Jmeter_Performance\RealTime_Pattern_RestController.jmx'. 
Cause:
CannotResolveClassException: kg.apc.jmeter.threads.SteppingThreadGroup

 Detail:com.thoughtworks.xstream.converters.ConversionException: 
---- Debugging information ----
cause-exception     : com.thoughtworks.xstream.converters.ConversionException
cause-message       : 
first-jmeter-class  : org.apache.jmeter.save.converters.HashTreeConverter.unmarshal(HashTreeConverter.java:66)
class               : org.apache.jmeter.save.ScriptWrapper
required-type       : org.apache.jmeter.save.ScriptWrapper
converter-type      : org.apache.jmeter.save.ScriptWrapperConverter
path                : /jmeterTestPlan/hashTree/hashTree/kg.apc.jmeter.threads.SteppingThreadGroup
line number         : 816
version             : 5.4.3
-------------------------------
2022-03-08 00:57:11,872 INFO o.a.j.g.a.Load: Loading file: D:\Projects\RealTime_RestController\Jmeter_Performance\RealTime_Tests_RestController.jmx
2022-03-08 00:57:11,872 INFO o.a.j.s.FileServer: Set new base='D:\Projects\RealTime_RestController\Jmeter_Performance'
2022-03-08 00:57:11,872 INFO o.a.j.s.SaveService: Loading file: D:\Projects\RealTime_RestController\Jmeter_Performance\RealTime_Tests_RestController.jmx
2022-03-08 00:57:11,892 WARN o.a.j.g.a.Load: Unexpected error. java.lang.IllegalArgumentException: Problem loading XML from:'D:\Projects\RealTime_RestController\Jmeter_Performance\RealTime_Tests_RestController.jmx'. 
Cause:
CannotResolveClassException: kg.apc.jmeter.vizualizers.CorrectedResultCollector

 Detail:com.thoughtworks.xstream.converters.ConversionException: 
---- Debugging information ----
cause-exception     : com.thoughtworks.xstream.converters.ConversionException
cause-message       : 
first-jmeter-class  : org.apache.jmeter.save.converters.HashTreeConverter.unmarshal(HashTreeConverter.java:66)
class               : org.apache.jmeter.save.ScriptWrapper
required-type       : org.apache.jmeter.save.ScriptWrapper
converter-type      : org.apache.jmeter.save.ScriptWrapperConverter
path                : /jmeterTestPlan/hashTree/hashTree/hashTree[4]/kg.apc.jmeter.vizualizers.CorrectedResultCollector
line number         : 403
version             : 5.4.3
-------------------------------
java.lang.IllegalArgumentException: Problem loading XML from:'D:\Projects\RealTime_RestController\Jmeter_Performance\RealTime_Tests_RestController.jmx'. 
Cause:
CannotResolveClassException: kg.apc.jmeter.vizualizers.CorrectedResultCollector

 Detail:com.thoughtworks.xstream.converters.ConversionException: 
---- Debugging information ----
cause-exception     : com.thoughtworks.xstream.converters.ConversionException
cause-message       : 
first-jmeter-class  : org.apache.jmeter.save.converters.HashTreeConverter.unmarshal(HashTreeConverter.java:66)
class               : org.apache.jmeter.save.ScriptWrapper
required-type       : org.apache.jmeter.save.ScriptWrapper
converter-type      : org.apache.jmeter.save.ScriptWrapperConverter
path                : /jmeterTestPlan/hashTree/hashTree/hashTree[4]/kg.apc.jmeter.vizualizers.CorrectedResultCollector
line number         : 403
version             : 5.4.3
-------------------------------
	at org.apache.jmeter.save.SaveService.readTree(SaveService.java:459) ~[ApacheJMeter_core.jar:5.4.3]
	at org.apache.jmeter.save.SaveService.loadTree(SaveService.java:432) ~[ApacheJMeter_core.jar:5.4.3]
	at org.apache.jmeter.gui.action.Load.loadProjectFile(Load.java:129) ~[ApacheJMeter_core.jar:5.4.3]
	at org.apache.jmeter.gui.action.Load.loadProjectFile(Load.java:101) ~[ApacheJMeter_core.jar:5.4.3]
	at org.apache.jmeter.gui.action.Load.doActionAfterCheck(Load.java:88) ~[ApacheJMeter_core.jar:5.4.3]
	at org.apache.jmeter.gui.action.AbstractActionWithNoRunningTest.doAction(AbstractActionWithNoRunningTest.java:44) ~[ApacheJMeter_core.jar:5.4.3]
	at org.apache.jmeter.gui.action.ActionRouter.performAction(ActionRouter.java:87) ~[ApacheJMeter_core.jar:5.4.3]
	at org.apache.jmeter.gui.action.ActionRouter.lambda$actionPerformed$0(ActionRouter.java:69) ~[ApacheJMeter_core.jar:5.4.3]
	at java.awt.event.InvocationEvent.dispatch(InvocationEvent.java:313) [?:?]
	at java.awt.EventQueue.dispatchEventImpl(EventQueue.java:770) [?:?]
	at java.awt.EventQueue$4.run(EventQueue.java:721) [?:?]
	at java.awt.EventQueue$4.run(EventQueue.java:715) [?:?]
	at java.security.AccessController.doPrivileged(Native Method) ~[?:?]
	at java.security.ProtectionDomain$JavaSecurityAccessImpl.doIntersectionPrivilege(ProtectionDomain.java:85) [?:?]
	at java.awt.EventQueue.dispatchEvent(EventQueue.java:740) [?:?]
	at java.awt.EventDispatchThread.pumpOneEventForFilters(EventDispatchThread.java:203) [?:?]
	at java.awt.EventDispatchThread.pumpEventsForFilter(EventDispatchThread.java:124) [?:?]
	at java.awt.EventDispatchThread.pumpEventsForHierarchy(EventDispatchThread.java:113) [?:?]
	at java.awt.EventDispatchThread.pumpEvents(EventDispatchThread.java:109) [?:?]
	at java.awt.EventDispatchThread.pumpEvents(EventDispatchThread.java:101) [?:?]
	at java.awt.EventDispatchThread.run(EventDispatchThread.java:90) [?:?]
Caused by: com.thoughtworks.xstream.converters.ConversionException: 
---- Debugging information ----
cause-exception     : com.thoughtworks.xstream.converters.ConversionException
cause-message       : 
first-jmeter-class  : org.apache.jmeter.save.converters.HashTreeConverter.unmarshal(HashTreeConverter.java:66)
class               : org.apache.jmeter.save.ScriptWrapper
required-type       : org.apache.jmeter.save.ScriptWrapper
converter-type      : org.apache.jmeter.save.ScriptWrapperConverter
path                : /jmeterTestPlan/hashTree/hashTree/hashTree[4]/kg.apc.jmeter.vizualizers.CorrectedResultCollector
line number         : 403
version             : 5.4.3
-------------------------------
	at org.apache.jmeter.save.ScriptWrapperConverter.createConversionException(ScriptWrapperConverter.java:101) ~[ApacheJMeter_core.jar:5.4.3]
	at org.apache.jmeter.save.ScriptWrapperConverter.unmarshal(ScriptWrapperConverter.java:95) ~[ApacheJMeter_core.jar:5.4.3]
	at com.thoughtworks.xstream.core.TreeUnmarshaller.convert(TreeUnmarshaller.java:72) ~[xstream-1.4.15.jar:1.4.15]
	at com.thoughtworks.xstream.core.AbstractReferenceUnmarshaller.convert(AbstractReferenceUnmarshaller.java:72) ~[xstream-1.4.15.jar:1.4.15]
	at com.thoughtworks.xstream.core.TreeUnmarshaller.convertAnother(TreeUnmarshaller.java:66) ~[xstream-1.4.15.jar:1.4.15]
	at com.thoughtworks.xstream.core.TreeUnmarshaller.convertAnother(TreeUnmarshaller.java:50) ~[xstream-1.4.15.jar:1.4.15]
	at com.thoughtworks.xstream.core.TreeUnmarshaller.start(TreeUnmarshaller.java:134) ~[xstream-1.4.15.jar:1.4.15]
	at com.thoughtworks.xstream.core.AbstractTreeMarshallingStrategy.unmarshal(AbstractTreeMarshallingStrategy.java:32) ~[xstream-1.4.15.jar:1.4.15]
	at com.thoughtworks.xstream.XStream.unmarshal(XStream.java:1409) ~[xstream-1.4.15.jar:1.4.15]
	at com.thoughtworks.xstream.XStream.unmarshal(XStream.java:1388) ~[xstream-1.4.15.jar:1.4.15]
	at com.thoughtworks.xstream.XStream.fromXML(XStream.java:1273) ~[xstream-1.4.15.jar:1.4.15]
	at org.apache.jmeter.save.SaveService.readTree(SaveService.java:449) ~[ApacheJMeter_core.jar:5.4.3]
	... 20 more
Caused by: com.thoughtworks.xstream.converters.ConversionException: 
---- Debugging information ----
cause-exception     : com.thoughtworks.xstream.mapper.CannotResolveClassException
cause-message       : kg.apc.jmeter.vizualizers.CorrectedResultCollector
class               : org.apache.jorphan.collections.ListedHashTree
required-type       : org.apache.jorphan.collections.ListedHashTree
converter-type      : org.apache.jmeter.save.converters.HashTreeConverter
path                : /jmeterTestPlan/hashTree/hashTree/hashTree[4]/kg.apc.jmeter.vizualizers.CorrectedResultCollector
line number         : 403
-------------------------------
	at com.thoughtworks.xstream.core.TreeUnmarshaller.convert(TreeUnmarshaller.java:77) ~[xstream-1.4.15.jar:1.4.15]
	at com.thoughtworks.xstream.core.AbstractReferenceUnmarshaller.convert(AbstractReferenceUnmarshaller.java:72) ~[xstream-1.4.15.jar:1.4.15]
	at com.thoughtworks.xstream.core.TreeUnmarshaller.convertAnother(TreeUnmarshaller.java:66) ~[xstream-1.4.15.jar:1.4.15]
	at com.thoughtworks.xstream.core.TreeUnmarshaller.convertAnother(TreeUnmarshaller.java:50) ~[xstream-1.4.15.jar:1.4.15]
	at com.thoughtworks.xstream.converters.collections.AbstractCollectionConverter.readBareItem(AbstractCollectionConverter.java:132) ~[xstream-1.4.15.jar:1.4.15]
	at org.apache.jmeter.save.converters.HashTreeConverter.unmarshal(HashTreeConverter.java:66) ~[ApacheJMeter_core.jar:5.4.3]
	at com.thoughtworks.xstream.core.TreeUnmarshaller.convert(TreeUnmarshaller.java:72) ~[xstream-1.4.15.jar:1.4.15]
	at com.thoughtworks.xstream.core.AbstractReferenceUnmarshaller.convert(AbstractReferenceUnmarshaller.java:72) ~[xstream-1.4.15.jar:1.4.15]
	at com.thoughtworks.xstream.core.TreeUnmarshaller.convertAnother(TreeUnmarshaller.java:66) ~[xstream-1.4.15.jar:1.4.15]
	at com.thoughtworks.xstream.core.TreeUnmarshaller.convertAnother(TreeUnmarshaller.java:50) ~[xstream-1.4.15.jar:1.4.15]
	at com.thoughtworks.xstream.converters.collections.AbstractCollectionConverter.readBareItem(AbstractCollectionConverter.java:132) ~[xstream-1.4.15.jar:1.4.15]
	at org.apache.jmeter.save.converters.HashTreeConverter.unmarshal(HashTreeConverter.java:66) ~[ApacheJMeter_core.jar:5.4.3]
	at com.thoughtworks.xstream.core.TreeUnmarshaller.convert(TreeUnmarshaller.java:72) ~[xstream-1.4.15.jar:1.4.15]
	at com.thoughtworks.xstream.core.AbstractReferenceUnmarshaller.convert(AbstractReferenceUnmarshaller.java:72) ~[xstream-1.4.15.jar:1.4.15]
	at com.thoughtworks.xstream.core.TreeUnmarshaller.convertAnother(TreeUnmarshaller.java:66) ~[xstream-1.4.15.jar:1.4.15]
	at com.thoughtworks.xstream.core.TreeUnmarshaller.convertAnother(TreeUnmarshaller.java:50) ~[xstream-1.4.15.jar:1.4.15]
	at org.apache.jmeter.save.ScriptWrapperConverter.unmarshal(ScriptWrapperConverter.java:93) ~[ApacheJMeter_core.jar:5.4.3]
	at com.thoughtworks.xstream.core.TreeUnmarshaller.convert(TreeUnmarshaller.java:72) ~[xstream-1.4.15.jar:1.4.15]
	at com.thoughtworks.xstream.core.AbstractReferenceUnmarshaller.convert(AbstractReferenceUnmarshaller.java:72) ~[xstream-1.4.15.jar:1.4.15]
	at com.thoughtworks.xstream.core.TreeUnmarshaller.convertAnother(TreeUnmarshaller.java:66) ~[xstream-1.4.15.jar:1.4.15]
	at com.thoughtworks.xstream.core.TreeUnmarshaller.convertAnother(TreeUnmarshaller.java:50) ~[xstream-1.4.15.jar:1.4.15]
	at com.thoughtworks.xstream.core.TreeUnmarshaller.start(TreeUnmarshaller.java:134) ~[xstream-1.4.15.jar:1.4.15]
	at com.thoughtworks.xstream.core.AbstractTreeMarshallingStrategy.unmarshal(AbstractTreeMarshallingStrategy.java:32) ~[xstream-1.4.15.jar:1.4.15]
	at com.thoughtworks.xstream.XStream.unmarshal(XStream.java:1409) ~[xstream-1.4.15.jar:1.4.15]
	at com.thoughtworks.xstream.XStream.unmarshal(XStream.java:1388) ~[xstream-1.4.15.jar:1.4.15]
	at com.thoughtworks.xstream.XStream.fromXML(XStream.java:1273) ~[xstream-1.4.15.jar:1.4.15]
	at org.apache.jmeter.save.SaveService.readTree(SaveService.java:449) ~[ApacheJMeter_core.jar:5.4.3]
	... 20 more
Caused by: com.thoughtworks.xstream.mapper.CannotResolveClassException: kg.apc.jmeter.vizualizers.CorrectedResultCollector
	at com.thoughtworks.xstream.mapper.DefaultMapper.realClass(DefaultMapper.java:81) ~[xstream-1.4.15.jar:1.4.15]
	at com.thoughtworks.xstream.mapper.MapperWrapper.realClass(MapperWrapper.java:125) ~[xstream-1.4.15.jar:1.4.15]
	at com.thoughtworks.xstream.mapper.DynamicProxyMapper.realClass(DynamicProxyMapper.java:55) ~[xstream-1.4.15.jar:1.4.15]
	at com.thoughtworks.xstream.mapper.MapperWrapper.realClass(MapperWrapper.java:125) ~[xstream-1.4.15.jar:1.4.15]
	at com.thoughtworks.xstream.mapper.PackageAliasingMapper.realClass(PackageAliasingMapper.java:88) ~[xstream-1.4.15.jar:1.4.15]
	at com.thoughtworks.xstream.mapper.MapperWrapper.realClass(MapperWrapper.java:125) ~[xstream-1.4.15.jar:1.4.15]
	at com.thoughtworks.xstream.mapper.ClassAliasingMapper.realClass(ClassAliasingMapper.java:79) ~[xstream-1.4.15.jar:1.4.15]
	at com.thoughtworks.xstream.mapper.MapperWrapper.realClass(MapperWrapper.java:125) ~[xstream-1.4.15.jar:1.4.15]
	at com.thoughtworks.xstream.mapper.ArrayMapper.realClass(ArrayMapper.java:74) ~[xstream-1.4.15.jar:1.4.15]
	at com.thoughtworks.xstream.mapper.MapperWrapper.realClass(MapperWrapper.java:125) ~[xstream-1.4.15.jar:1.4.15]
	at com.thoughtworks.xstream.mapper.SecurityMapper.realClass(SecurityMapper.java:71) ~[xstream-1.4.15.jar:1.4.15]
	at com.thoughtworks.xstream.mapper.MapperWrapper.realClass(MapperWrapper.java:125) ~[xstream-1.4.15.jar:1.4.15]
	at org.apache.jmeter.save.SaveService$XStreamWrapper$1.realClass(SaveService.java:97) ~[ApacheJMeter_core.jar:5.4.3]
	at com.thoughtworks.xstream.mapper.MapperWrapper.realClass(MapperWrapper.java:125) ~[xstream-1.4.15.jar:1.4.15]
	at com.thoughtworks.xstream.mapper.CachingMapper.realClass(CachingMapper.java:47) ~[xstream-1.4.15.jar:1.4.15]
	at com.thoughtworks.xstream.core.util.HierarchicalStreams.readClassType(HierarchicalStreams.java:29) ~[xstream-1.4.15.jar:1.4.15]
	at com.thoughtworks.xstream.converters.collections.AbstractCollectionConverter.readBareItem(AbstractCollectionConverter.java:131) ~[xstream-1.4.15.jar:1.4.15]
	at org.apache.jmeter.save.converters.HashTreeConverter.unmarshal(HashTreeConverter.java:66) ~[ApacheJMeter_core.jar:5.4.3]
	at com.thoughtworks.xstream.core.TreeUnmarshaller.convert(TreeUnmarshaller.java:72) ~[xstream-1.4.15.jar:1.4.15]
	at com.thoughtworks.xstream.core.AbstractReferenceUnmarshaller.convert(AbstractReferenceUnmarshaller.java:72) ~[xstream-1.4.15.jar:1.4.15]
	at com.thoughtworks.xstream.core.TreeUnmarshaller.convertAnother(TreeUnmarshaller.java:66) ~[xstream-1.4.15.jar:1.4.15]
	at com.thoughtworks.xstream.core.TreeUnmarshaller.convertAnother(TreeUnmarshaller.java:50) ~[xstream-1.4.15.jar:1.4.15]
	at com.thoughtworks.xstream.converters.collections.AbstractCollectionConverter.readBareItem(AbstractCollectionConverter.java:132) ~[xstream-1.4.15.jar:1.4.15]
	at org.apache.jmeter.save.converters.HashTreeConverter.unmarshal(HashTreeConverter.java:66) ~[ApacheJMeter_core.jar:5.4.3]
	at com.thoughtworks.xstream.core.TreeUnmarshaller.convert(TreeUnmarshaller.java:72) ~[xstream-1.4.15.jar:1.4.15]
	at com.thoughtworks.xstream.core.AbstractReferenceUnmarshaller.convert(AbstractReferenceUnmarshaller.java:72) ~[xstream-1.4.15.jar:1.4.15]
	at com.thoughtworks.xstream.core.TreeUnmarshaller.convertAnother(TreeUnmarshaller.java:66) ~[xstream-1.4.15.jar:1.4.15]
	at com.thoughtworks.xstream.core.TreeUnmarshaller.convertAnother(TreeUnmarshaller.java:50) ~[xstream-1.4.15.jar:1.4.15]
	at com.thoughtworks.xstream.converters.collections.AbstractCollectionConverter.readBareItem(AbstractCollectionConverter.java:132) ~[xstream-1.4.15.jar:1.4.15]
	at org.apache.jmeter.save.converters.HashTreeConverter.unmarshal(HashTreeConverter.java:66) ~[ApacheJMeter_core.jar:5.4.3]
	at com.thoughtworks.xstream.core.TreeUnmarshaller.convert(TreeUnmarshaller.java:72) ~[xstream-1.4.15.jar:1.4.15]
	at com.thoughtworks.xstream.core.AbstractReferenceUnmarshaller.convert(AbstractReferenceUnmarshaller.java:72) ~[xstream-1.4.15.jar:1.4.15]
	at com.thoughtworks.xstream.core.TreeUnmarshaller.convertAnother(TreeUnmarshaller.java:66) ~[xstream-1.4.15.jar:1.4.15]
	at com.thoughtworks.xstream.core.TreeUnmarshaller.convertAnother(TreeUnmarshaller.java:50) ~[xstream-1.4.15.jar:1.4.15]
	at org.apache.jmeter.save.ScriptWrapperConverter.unmarshal(ScriptWrapperConverter.java:93) ~[ApacheJMeter_core.jar:5.4.3]
	at com.thoughtworks.xstream.core.TreeUnmarshaller.convert(TreeUnmarshaller.java:72) ~[xstream-1.4.15.jar:1.4.15]
	at com.thoughtworks.xstream.core.AbstractReferenceUnmarshaller.convert(AbstractReferenceUnmarshaller.java:72) ~[xstream-1.4.15.jar:1.4.15]
	at com.thoughtworks.xstream.core.TreeUnmarshaller.convertAnother(TreeUnmarshaller.java:66) ~[xstream-1.4.15.jar:1.4.15]
	at com.thoughtworks.xstream.core.TreeUnmarshaller.convertAnother(TreeUnmarshaller.java:50) ~[xstream-1.4.15.jar:1.4.15]
	at com.thoughtworks.xstream.core.TreeUnmarshaller.start(TreeUnmarshaller.java:134) ~[xstream-1.4.15.jar:1.4.15]
	at com.thoughtworks.xstream.core.AbstractTreeMarshallingStrategy.unmarshal(AbstractTreeMarshallingStrategy.java:32) ~[xstream-1.4.15.jar:1.4.15]
	at com.thoughtworks.xstream.XStream.unmarshal(XStream.java:1409) ~[xstream-1.4.15.jar:1.4.15]
	at com.thoughtworks.xstream.XStream.unmarshal(XStream.java:1388) ~[xstream-1.4.15.jar:1.4.15]
	at com.thoughtworks.xstream.XStream.fromXML(XStream.java:1273) ~[xstream-1.4.15.jar:1.4.15]
	at org.apache.jmeter.save.SaveService.readTree(SaveService.java:449) ~[ApacheJMeter_core.jar:5.4.3]
	... 20 more
2022-03-08 00:57:11,893 ERROR o.a.j.u.JMeterUtils: Problem loading XML from:'D:\Projects\RealTime_RestController\Jmeter_Performance\RealTime_Tests_RestController.jmx'. 
Cause:
CannotResolveClassException: kg.apc.jmeter.vizualizers.CorrectedResultCollector

 Detail:com.thoughtworks.xstream.converters.ConversionException: 
---- Debugging information ----
cause-exception     : com.thoughtworks.xstream.converters.ConversionException
cause-message       : 
first-jmeter-class  : org.apache.jmeter.save.converters.HashTreeConverter.unmarshal(HashTreeConverter.java:66)
class               : org.apache.jmeter.save.ScriptWrapper
required-type       : org.apache.jmeter.save.ScriptWrapper
converter-type      : org.apache.jmeter.save.ScriptWrapperConverter
path                : /jmeterTestPlan/hashTree/hashTree/hashTree[4]/kg.apc.jmeter.vizualizers.CorrectedResultCollector
line number         : 403
version             : 5.4.3
-------------------------------
